name+type=name
named+type=name+subtype=passive
called+type=name+subtype=passive
address+type=location
location+type=location
contact+type=location
age+type=age
aged+type=age
old+type=age
condition+type=healthStatus
health+type=healthStatus
situation+type=healthStatus
status+type=healthStatus
prognosis+type=healthStatus
boy+type=gender+subtype=male
man+type=gender+subtype=male
gentleman+type=gender+subtype=male
male+type=gender+subtype=male
girl+type=gender+subtype=female
woman+type=gender+subtype=female
lady+type=gender+subtype=female
female+type=gender+subtype=female
teacher+type=gender+subtype=any
friend+type=gender+subtype=any
child+type=gender+subtype=any
infant+type=gender+subtype=any