mother+gender=female
father+gender=male
parent+gender=either
brother+gender=male
sister+gender=female
sibling+gender=either
son+gender=male
daughter+gender=female
child+gender=either
children+gender=either
nephew+gender=male
neice+gender=female
family+gender=either
stepson+gender=male
stepdaughter+gender=female
stepmother+gender=female
stepfather+gender=male
stepchildren+gender=either
husband+gender=male
wife+gender=female
spouse+gender=either
uncle+gender=male
aunt+gender=female
in-law+gender=either
in law+gender=either
grandfather+gender=male
grandmother+gender=female
grandchild+gender=either
relative+gender=either
relation+gender=either
friend+gender=either
boyfriend+gender=male
girlfriend+gender=female
sweetheart+gender=either
neighbour+gender=either
neighbor+gender=either
attorney+gender=either
doctor+gender=either
colleague+gender=either
partner+gender=either
boss+gender=either
teacher+gender=either
junior+gender=either
senior+gender=either