GARDENS
Airbase
Airport
Avenue
Barracks
Base
Building
building
Bus stop
bus stop
Cafe
Camp
camp
Campus
campus
Castle
Center
Centre
Cinema
Coliseum
College
college
Common
Forum
Gardens
GHQ
General Head Quarters
General Headquarters
HQ
Hall
Head Quarters
Headquarters
Hospital
hospital
Hotel
hotel
House
house
International Airport
international airport
Jail
jail
Museum
museum
Office
office
Palace
palace
Park
Pavilion
pavilion
Plant
Playhouse
Prison Camp
prison camp
Pub
Ranch
ranch
Red cross
RedCross
Refuge
Refugee Camp
refugee camp
Resort
Restaurant
restaurant
School
school
Shelter
shelter
Ski Resort
Square
Station
station
Stadium
stadium
Street
street
Theatre
theatre
Theater
theater
Tower
tower
Trail
trail
Wall
Zoo
Federal Building
federal building
Hilton
cemetery
